[debug] [2019-04-02T19:59:50.215Z] ----------------------------------------------------------------------
[debug] [2019-04-02T19:59:50.217Z] Command:       /usr/local/Cellar/node/11.6.0/bin/node /usr/local/bin/firebase deploy --only functions
[debug] [2019-04-02T19:59:50.217Z] CLI Version:   6.4.0
[debug] [2019-04-02T19:59:50.217Z] Platform:      darwin
[debug] [2019-04-02T19:59:50.217Z] Node Version:  v11.6.0
[debug] [2019-04-02T19:59:50.218Z] Time:          Tue Apr 02 2019 13:59:50 GMT-0600 (Mountain Daylight Time)
[debug] [2019-04-02T19:59:50.218Z] ----------------------------------------------------------------------
[debug] 
[debug] [2019-04-02T19:59:50.226Z] > command requires scopes: ["email","openid","https://www.googleapis.com/auth/cloudplatformprojects.readonly","https://www.googleapis.com/auth/firebase","https://www.googleapis.com/auth/cloud-platform"]
[debug] [2019-04-02T19:59:50.227Z] > authorizing via signed-in user
[debug] [2019-04-02T19:59:50.227Z] [iam] checking project crapmap-c5c7f for permissions ["cloudfunctions.functions.create","cloudfunctions.functions.delete","cloudfunctions.functions.get","cloudfunctions.functions.list","cloudfunctions.functions.update","cloudfunctions.operations.get","firebase.projects.get"]
[debug] [2019-04-02T19:59:50.229Z] >>> HTTP REQUEST POST https://cloudresourcemanager.googleapis.com/v1/projects/crapmap-c5c7f:testIamPermissions  

[debug] [2019-04-02T19:59:51.280Z] <<< HTTP RESPONSE 200
[info] 
[info] === Deploying to 'crapmap-c5c7f'...
[info] 
[info] i  deploying functions
[info] Running command: npm --prefix "$RESOURCE_DIR" run lint
[info] ✔  functions: Finished running predeploy script.
[debug] [2019-04-02T19:59:54.076Z] > [functions] package.json contents: {
  "name": "functions",
  "description": "Cloud Functions for Firebase",
  "scripts": {
    "lint": "eslint .",
    "serve": "firebase serve --only functions",
    "shell": "firebase functions:shell",
    "start": "npm run shell",
    "deploy": "firebase deploy --only functions",
    "logs": "firebase functions:log"
  },
  "dependencies": {
    "body-parser": "^1.18.3",
    "cors": "^2.8.5",
    "express": "^4.16.4",
    "firebase-admin": "~7.0.0",
    "firebase-functions": "^2.2.0",
    "firebase-functions-helper": "^0.6.4",
    "request": "^2.88.0",
    "request-promise": "^4.2.4"
  },
  "devDependencies": {
    "eslint": "^5.12.0",
    "eslint-plugin-promise": "^4.0.1"
  },
  "private": true
}
[info] i  functions: ensuring necessary APIs are enabled...
[debug] [2019-04-02T19:59:54.078Z] >>> HTTP REQUEST GET https://servicemanagement.googleapis.com/v1/services/cloudfunctions.googleapis.com/projectSettings/crapmap-c5c7f?view=CONSUMER_VIEW  
 
[debug] [2019-04-02T19:59:54.078Z] >>> HTTP REQUEST GET https://servicemanagement.googleapis.com/v1/services/runtimeconfig.googleapis.com/projectSettings/crapmap-c5c7f?view=CONSUMER_VIEW  
 
[debug] [2019-04-02T19:59:55.386Z] <<< HTTP RESPONSE 200
[debug] [2019-04-02T19:59:55.398Z] <<< HTTP RESPONSE 200
[info] ✔  functions: all necessary APIs are enabled
[debug] [2019-04-02T19:59:55.399Z] >>> HTTP REQUEST GET https://cloudresourcemanager.googleapis.com/v1/projects/crapmap-c5c7f  
 
[debug] [2019-04-02T19:59:56.092Z] <<< HTTP RESPONSE 200
[debug] [2019-04-02T19:59:56.093Z] >>> HTTP REQUEST GET https://mobilesdk-pa.googleapis.com/v1/projects/164189189430:getServerAppConfig  
 
[debug] [2019-04-02T19:59:56.621Z] <<< HTTP RESPONSE 200
[info] i  functions: preparing functions directory for uploading...
[debug] [2019-04-02T19:59:56.622Z] >>> HTTP REQUEST GET https://runtimeconfig.googleapis.com/v1beta1/projects/crapmap-c5c7f/configs  
 
[debug] [2019-04-02T19:59:58.856Z] <<< HTTP RESPONSE 200
[debug] [2019-04-02T19:59:58.857Z] >>> HTTP REQUEST GET https://runtimeconfig.googleapis.com/v1beta1/projects/crapmap-c5c7f/configs/someservice/variables  
 
[debug] [2019-04-02T19:59:58.858Z] >>> HTTP REQUEST GET https://runtimeconfig.googleapis.com/v1beta1/projects/crapmap-c5c7f/configs/googlemap/variables  
 
[debug] [2019-04-02T19:59:58.858Z] >>> HTTP REQUEST GET https://runtimeconfig.googleapis.com/v1beta1/projects/crapmap-c5c7f/configs/googlemapgeokey/variables  
 
[debug] [2019-04-02T20:00:00.890Z] <<< HTTP RESPONSE 200
[debug] [2019-04-02T20:00:00.891Z] >>> HTTP REQUEST GET https://runtimeconfig.googleapis.com/v1beta1/projects/crapmap-c5c7f/configs/googlemap/variables/key  
 
[debug] [2019-04-02T20:00:00.892Z] <<< HTTP RESPONSE 200
[debug] [2019-04-02T20:00:00.893Z] >>> HTTP REQUEST GET https://runtimeconfig.googleapis.com/v1beta1/projects/crapmap-c5c7f/configs/someservice/variables/id  
 
[debug] [2019-04-02T20:00:00.893Z] >>> HTTP REQUEST GET https://runtimeconfig.googleapis.com/v1beta1/projects/crapmap-c5c7f/configs/someservice/variables/key  
 
[debug] [2019-04-02T20:00:00.894Z] <<< HTTP RESPONSE 200
[debug] [2019-04-02T20:00:00.894Z] >>> HTTP REQUEST GET https://runtimeconfig.googleapis.com/v1beta1/projects/crapmap-c5c7f/configs/googlemapgeokey/variables/key  
 
[debug] [2019-04-02T20:00:01.164Z] <<< HTTP RESPONSE 200
[debug] [2019-04-02T20:00:01.165Z] <<< HTTP RESPONSE 200
[debug] [2019-04-02T20:00:01.166Z] <<< HTTP RESPONSE 200
[debug] [2019-04-02T20:00:01.168Z] <<< HTTP RESPONSE 200
[info] i  functions: packaged functions (52.06 KB) for uploading
[debug] [2019-04-02T20:00:01.804Z] >>> HTTP REQUEST POST https://cloudfunctions.googleapis.com/v1/projects/crapmap-c5c7f/locations/us-central1/functions:generateUploadUrl  
 
[debug] [2019-04-02T20:00:02.547Z] <<< HTTP RESPONSE 200
[debug] [2019-04-02T20:00:02.548Z] >>> HTTP REQUEST PUT https://storage.googleapis.com/gcf-upload-us-central1-95eb342e-cefe-48ed-9bc8-00c88f86e3af/1dabf2a3-a2d1-41da-90be-73184d004d20.zip?GoogleAccessId=service-164189189430@gcf-admin-robot.iam.gserviceaccount.com&Expires=1554237002&Signature=GVydkIxtNlif9%2FIXDCST8%2BHy1bVBTztUnxyi2XPQulhVZKOg%2FGdXOkyIQQ46BCMaYd7%2BGvpp7iUVC4y%2FaD2bAtIyw3dKcrP7NDhJBcGVwvrVt0i7wZhpQmqFefMWpGJGWqSEbGt9RCt65UEnnRJ3Tvu9fMaVW2X48%2BDJ1xrqXSn01AtkiPd2SYMXR8nKWCgFth8Md41uIpoTAK%2FovCmcnnGP0%2FISDjhEgEH04JQH3zE4ij0qDsBXf0qZIsZZwDrol6YLLQcYZiRXRAauVMd2qsoKao0tQ7K9QQOPm70xO7THSq%2BF62MjmrIj2DN9kl2GqADK0x9nRZ0cYMtuwaBgZg%3D%3D  

